{"/Users/atsushi23/mobile-tetris/src/GameScene.ts": {"path":"/Users/atsushi23/mobile-tetris/src/GameScene.ts","statementMap":{"0":{"start":{"line":1,"column":0},"end":{"line":1,"column":33}},"1":{"start":{"line":19,"column":4},"end":{"line":19,"column":32}},"2":{"start":{"line":12,"column":19},"end":{"line":12,"column":35}},"3":{"start":{"line":13,"column":19},"end":{"line":13,"column":36}},"4":{"start":{"line":16,"column":19},"end":{"line":16,"column":34}},"5":{"start":{"line":34,"column":4},"end":{"line":34,"column":26}},"6":{"start":{"line":37,"column":4},"end":{"line":37,"column":48}},"7":{"start":{"line":40,"column":4},"end":{"line":40,"column":20}},"8":{"start":{"line":49,"column":4},"end":{"line":49,"column":19}},"9":{"start":{"line":51,"column":4},"end":{"line":62,"column":5}},"10":{"start":{"line":51,"column":19},"end":{"line":51,"column":20}},"11":{"start":{"line":53,"column":31},"end":{"line":53,"column":33}},"12":{"start":{"line":55,"column":6},"end":{"line":58,"column":7}},"13":{"start":{"line":55,"column":21},"end":{"line":55,"column":22}},"14":{"start":{"line":57,"column":8},"end":{"line":57,"column":23}},"15":{"start":{"line":61,"column":6},"end":{"line":61,"column":29}},"16":{"start":{"line":74,"column":21},"end":{"line":74,"column":40}},"17":{"start":{"line":77,"column":4},"end":{"line":77,"column":41}},"18":{"start":{"line":80,"column":19},"end":{"line":80,"column":76}},"19":{"start":{"line":81,"column":19},"end":{"line":81,"column":78}},"20":{"start":{"line":84,"column":4},"end":{"line":88,"column":5}},"21":{"start":{"line":84,"column":19},"end":{"line":84,"column":20}},"22":{"start":{"line":85,"column":16},"end":{"line":85,"column":45}},"23":{"start":{"line":86,"column":6},"end":{"line":86,"column":33}},"24":{"start":{"line":87,"column":6},"end":{"line":87,"column":69}},"25":{"start":{"line":91,"column":4},"end":{"line":95,"column":5}},"26":{"start":{"line":91,"column":19},"end":{"line":91,"column":20}},"27":{"start":{"line":92,"column":16},"end":{"line":92,"column":45}},"28":{"start":{"line":93,"column":6},"end":{"line":93,"column":33}},"29":{"start":{"line":94,"column":6},"end":{"line":94,"column":68}},"30":{"start":{"line":97,"column":4},"end":{"line":97,"column":26}},"31":{"start":{"line":100,"column":4},"end":{"line":100,"column":39}},"32":{"start":{"line":101,"column":4},"end":{"line":106,"column":6}},"33":{"start":{"line":116,"column":4},"end":{"line":123,"column":5}},"34":{"start":{"line":122,"column":6},"end":{"line":122,"column":34}},"35":{"start":{"line":133,"column":4},"end":{"line":140,"column":5}},"36":{"start":{"line":139,"column":6},"end":{"line":139,"column":33}},"37":{"start":{"line":141,"column":4},"end":{"line":141,"column":14}},"38":{"start":{"line":148,"column":4},"end":{"line":152,"column":5}},"39":{"start":{"line":148,"column":19},"end":{"line":148,"column":20}},"40":{"start":{"line":149,"column":6},"end":{"line":151,"column":7}},"41":{"start":{"line":149,"column":21},"end":{"line":149,"column":22}},"42":{"start":{"line":150,"column":8},"end":{"line":150,"column":32}},"43":{"start":{"line":161,"column":4},"end":{"line":163,"column":5}},"44":{"start":{"line":162,"column":6},"end":{"line":162,"column":19}},"45":{"start":{"line":166,"column":4},"end":{"line":166,"column":54}},"46":{"start":{"line":166,"column":42},"end":{"line":166,"column":52}},"47":{"start":{"line":7,"column":0},"end":{"line":7,"column":13}}},"fnMap":{"0":{"name":"(anonymous_9)","decl":{"start":{"line":18,"column":2},"end":{"line":18,"column":null}},"loc":{"start":{"line":18,"column":2},"end":{"line":20,"column":3}}},"1":{"name":"(anonymous_10)","decl":{"start":{"line":25,"column":2},"end":{"line":25,"column":9}},"loc":{"start":{"line":25,"column":9},"end":{"line":27,"column":3}}},"2":{"name":"(anonymous_11)","decl":{"start":{"line":32,"column":2},"end":{"line":32,"column":8}},"loc":{"start":{"line":32,"column":8},"end":{"line":41,"column":3}}},"3":{"name":"(anonymous_12)","decl":{"start":{"line":47,"column":10},"end":{"line":47,"column":24}},"loc":{"start":{"line":47,"column":24},"end":{"line":68,"column":3}}},"4":{"name":"(anonymous_13)","decl":{"start":{"line":73,"column":10},"end":{"line":73,"column":18}},"loc":{"start":{"line":73,"column":18},"end":{"line":107,"column":3}}},"5":{"name":"(anonymous_14)","decl":{"start":{"line":115,"column":9},"end":{"line":115,"column":16}},"loc":{"start":{"line":115,"column":56},"end":{"line":124,"column":3}}},"6":{"name":"(anonymous_15)","decl":{"start":{"line":132,"column":9},"end":{"line":132,"column":16}},"loc":{"start":{"line":132,"column":41},"end":{"line":142,"column":3}}},"7":{"name":"(anonymous_16)","decl":{"start":{"line":147,"column":9},"end":{"line":147,"column":18}},"loc":{"start":{"line":147,"column":18},"end":{"line":153,"column":3}}},"8":{"name":"(anonymous_17)","decl":{"start":{"line":160,"column":9},"end":{"line":160,"column":22}},"loc":{"start":{"line":160,"column":34},"end":{"line":167,"column":3}}},"9":{"name":"(anonymous_18)","decl":{"start":{"line":166,"column":32},"end":{"line":166,"column":33}},"loc":{"start":{"line":166,"column":42},"end":{"line":166,"column":52}}},"10":{"name":"(anonymous_19)","decl":{"start":{"line":174,"column":2},"end":{"line":174,"column":8}},"loc":{"start":{"line":174,"column":36},"end":{"line":176,"column":3}}}},"branchMap":{"0":{"loc":{"start":{"line":116,"column":4},"end":{"line":123,"column":5}},"type":"if","locations":[{"start":{"line":116,"column":4},"end":{"line":123,"column":5}}]},"1":{"loc":{"start":{"line":117,"column":6},"end":{"line":120,"column":27}},"type":"binary-expr","locations":[{"start":{"line":117,"column":6},"end":{"line":117,"column":14}},{"start":{"line":118,"column":6},"end":{"line":118,"column":28}},{"start":{"line":119,"column":6},"end":{"line":119,"column":14}},{"start":{"line":120,"column":6},"end":{"line":120,"column":27}}]},"2":{"loc":{"start":{"line":133,"column":4},"end":{"line":140,"column":5}},"type":"if","locations":[{"start":{"line":133,"column":4},"end":{"line":140,"column":5}}]},"3":{"loc":{"start":{"line":134,"column":6},"end":{"line":137,"column":27}},"type":"binary-expr","locations":[{"start":{"line":134,"column":6},"end":{"line":134,"column":14}},{"start":{"line":135,"column":6},"end":{"line":135,"column":28}},{"start":{"line":136,"column":6},"end":{"line":136,"column":14}},{"start":{"line":137,"column":6},"end":{"line":137,"column":27}}]},"4":{"loc":{"start":{"line":161,"column":4},"end":{"line":163,"column":5}},"type":"if","locations":[{"start":{"line":161,"column":4},"end":{"line":163,"column":5}}]},"5":{"loc":{"start":{"line":161,"column":8},"end":{"line":161,"column":42}},"type":"binary-expr","locations":[{"start":{"line":161,"column":8},"end":{"line":161,"column":15}},{"start":{"line":161,"column":19},"end":{"line":161,"column":42}}]}},"s":{"0":0,"1":0,"2":0,"3":0,"4":0,"5":0,"6":0,"7":0,"8":0,"9":0,"10":0,"11":0,"12":0,"13":0,"14":0,"15":0,"16":0,"17":0,"18":0,"19":0,"20":0,"21":0,"22":0,"23":0,"24":0,"25":0,"26":0,"27":0,"28":0,"29":0,"30":0,"31":0,"32":0,"33":0,"34":0,"35":0,"36":0,"37":0,"38":0,"39":0,"40":0,"41":0,"42":0,"43":0,"44":0,"45":0,"46":0,"47":0},"f":{"0":0,"1":0,"2":0,"3":0,"4":0,"5":0,"6":0,"7":0,"8":0,"9":0,"10":0},"b":{"0":[0],"1":[0,0,0,0],"2":[0],"3":[0,0,0,0],"4":[0],"5":[0,0]}}
,"/Users/atsushi23/mobile-tetris/src/collision.ts": {"path":"/Users/atsushi23/mobile-tetris/src/collision.ts","statementMap":{"0":{"start":{"line":31,"column":0},"end":{"line":31,"column":16}},"1":{"start":{"line":81,"column":0},"end":{"line":81,"column":16}},"2":{"start":{"line":113,"column":0},"end":{"line":113,"column":16}},"3":{"start":{"line":134,"column":0},"end":{"line":134,"column":16}},"4":{"start":{"line":159,"column":0},"end":{"line":159,"column":16}},"5":{"start":{"line":176,"column":0},"end":{"line":176,"column":16}},"6":{"start":{"line":193,"column":0},"end":{"line":193,"column":16}},"7":{"start":{"line":210,"column":0},"end":{"line":210,"column":16}},"8":{"start":{"line":224,"column":0},"end":{"line":224,"column":16}},"9":{"start":{"line":235,"column":0},"end":{"line":235,"column":16}},"10":{"start":{"line":16,"column":13},"end":{"line":16,"column":29}},"11":{"start":{"line":21,"column":13},"end":{"line":21,"column":30}},"12":{"start":{"line":38,"column":2},"end":{"line":67,"column":3}},"13":{"start":{"line":38,"column":20},"end":{"line":38,"column":21}},"14":{"start":{"line":39,"column":4},"end":{"line":66,"column":5}},"15":{"start":{"line":39,"column":22},"end":{"line":39,"column":23}},"16":{"start":{"line":41,"column":24},"end":{"line":41,"column":45}},"17":{"start":{"line":44,"column":6},"end":{"line":46,"column":7}},"18":{"start":{"line":45,"column":8},"end":{"line":45,"column":17}},"19":{"start":{"line":49,"column":20},"end":{"line":49,"column":36}},"20":{"start":{"line":50,"column":20},"end":{"line":50,"column":36}},"21":{"start":{"line":53,"column":6},"end":{"line":55,"column":7}},"22":{"start":{"line":54,"column":8},"end":{"line":54,"column":21}},"23":{"start":{"line":58,"column":6},"end":{"line":60,"column":7}},"24":{"start":{"line":59,"column":8},"end":{"line":59,"column":21}},"25":{"start":{"line":63,"column":6},"end":{"line":65,"column":7}},"26":{"start":{"line":64,"column":8},"end":{"line":64,"column":21}},"27":{"start":{"line":70,"column":2},"end":{"line":70,"column":14}},"28":{"start":{"line":88,"column":2},"end":{"line":90,"column":3}},"29":{"start":{"line":89,"column":4},"end":{"line":89,"column":17}},"30":{"start":{"line":93,"column":2},"end":{"line":103,"column":3}},"31":{"start":{"line":93,"column":20},"end":{"line":93,"column":21}},"32":{"start":{"line":94,"column":4},"end":{"line":102,"column":5}},"33":{"start":{"line":94,"column":22},"end":{"line":94,"column":23}},"34":{"start":{"line":95,"column":24},"end":{"line":95,"column":45}},"35":{"start":{"line":97,"column":6},"end":{"line":101,"column":7}},"36":{"start":{"line":98,"column":22},"end":{"line":98,"column":38}},"37":{"start":{"line":99,"column":22},"end":{"line":99,"column":38}},"38":{"start":{"line":100,"column":8},"end":{"line":100,"column":39}},"39":{"start":{"line":105,"column":2},"end":{"line":105,"column":14}},"40":{"start":{"line":114,"column":34},"end":{"line":114,"column":36}},"41":{"start":{"line":116,"column":2},"end":{"line":123,"column":3}},"42":{"start":{"line":116,"column":17},"end":{"line":116,"column":18}},"43":{"start":{"line":118,"column":26},"end":{"line":118,"column":63}},"44":{"start":{"line":118,"column":52},"end":{"line":118,"column":62}},"45":{"start":{"line":120,"column":4},"end":{"line":122,"column":5}},"46":{"start":{"line":121,"column":6},"end":{"line":121,"column":30}},"47":{"start":{"line":125,"column":2},"end":{"line":125,"column":23}},"48":{"start":{"line":136,"column":24},"end":{"line":136,"column":61}},"49":{"start":{"line":136,"column":55},"end":{"line":136,"column":60}},"50":{"start":{"line":138,"column":2},"end":{"line":146,"column":3}},"51":{"start":{"line":140,"column":4},"end":{"line":142,"column":5}},"52":{"start":{"line":140,"column":19},"end":{"line":140,"column":27}},"53":{"start":{"line":141,"column":6},"end":{"line":141,"column":37}},"54":{"start":{"line":145,"column":4},"end":{"line":145,"column":44}},"55":{"start":{"line":148,"column":2},"end":{"line":148,"column":27}},"56":{"start":{"line":165,"column":2},"end":{"line":165,"column":60}},"57":{"start":{"line":182,"column":2},"end":{"line":182,"column":60}},"58":{"start":{"line":199,"column":2},"end":{"line":199,"column":60}},"59":{"start":{"line":216,"column":2},"end":{"line":216,"column":63}},"60":{"start":{"line":225,"column":2},"end":{"line":225,"column":62}},"61":{"start":{"line":225,"column":29},"end":{"line":225,"column":60}},"62":{"start":{"line":225,"column":49},"end":{"line":225,"column":59}},"63":{"start":{"line":240,"column":2},"end":{"line":244,"column":3}},"64":{"start":{"line":240,"column":17},"end":{"line":240,"column":25}},"65":{"start":{"line":241,"column":4},"end":{"line":243,"column":5}},"66":{"start":{"line":241,"column":35},"end":{"line":241,"column":45}},"67":{"start":{"line":242,"column":6},"end":{"line":242,"column":19}},"68":{"start":{"line":245,"column":2},"end":{"line":245,"column":14}}},"fnMap":{"0":{"name":"isPositionValid","decl":{"start":{"line":31,"column":16},"end":{"line":31,"column":31}},"loc":{"start":{"line":35,"column":17},"end":{"line":71,"column":1}}},"1":{"name":"placeTetromino","decl":{"start":{"line":81,"column":16},"end":{"line":81,"column":30}},"loc":{"start":{"line":85,"column":17},"end":{"line":106,"column":1}}},"2":{"name":"findCompletedRows","decl":{"start":{"line":113,"column":16},"end":{"line":113,"column":33}},"loc":{"start":{"line":113,"column":44},"end":{"line":126,"column":1}}},"3":{"name":"(anonymous_3)","decl":{"start":{"line":118,"column":42},"end":{"line":118,"column":43}},"loc":{"start":{"line":118,"column":52},"end":{"line":118,"column":62}}},"4":{"name":"removeRows","decl":{"start":{"line":134,"column":16},"end":{"line":134,"column":26}},"loc":{"start":{"line":134,"column":59},"end":{"line":149,"column":1}}},"5":{"name":"(anonymous_5)","decl":{"start":{"line":136,"column":45},"end":{"line":136,"column":46}},"loc":{"start":{"line":136,"column":55},"end":{"line":136,"column":60}}},"6":{"name":"canMoveDown","decl":{"start":{"line":159,"column":16},"end":{"line":159,"column":27}},"loc":{"start":{"line":163,"column":17},"end":{"line":166,"column":1}}},"7":{"name":"canMoveLeft","decl":{"start":{"line":176,"column":16},"end":{"line":176,"column":27}},"loc":{"start":{"line":180,"column":17},"end":{"line":183,"column":1}}},"8":{"name":"canMoveRight","decl":{"start":{"line":193,"column":16},"end":{"line":193,"column":28}},"loc":{"start":{"line":197,"column":17},"end":{"line":200,"column":1}}},"9":{"name":"canRotate","decl":{"start":{"line":210,"column":16},"end":{"line":210,"column":25}},"loc":{"start":{"line":214,"column":17},"end":{"line":217,"column":1}}},"10":{"name":"isGridEmpty","decl":{"start":{"line":224,"column":16},"end":{"line":224,"column":27}},"loc":{"start":{"line":224,"column":38},"end":{"line":226,"column":1}}},"11":{"name":"(anonymous_11)","decl":{"start":{"line":225,"column":20},"end":{"line":225,"column":21}},"loc":{"start":{"line":225,"column":29},"end":{"line":225,"column":60}}},"12":{"name":"(anonymous_12)","decl":{"start":{"line":225,"column":39},"end":{"line":225,"column":40}},"loc":{"start":{"line":225,"column":49},"end":{"line":225,"column":59}}},"13":{"name":"isRangeEmpty","decl":{"start":{"line":235,"column":16},"end":{"line":235,"column":28}},"loc":{"start":{"line":238,"column":16},"end":{"line":246,"column":1}}},"14":{"name":"(anonymous_14)","decl":{"start":{"line":241,"column":25},"end":{"line":241,"column":26}},"loc":{"start":{"line":241,"column":35},"end":{"line":241,"column":45}}}},"branchMap":{"0":{"loc":{"start":{"line":44,"column":6},"end":{"line":46,"column":7}},"type":"if","locations":[{"start":{"line":44,"column":6},"end":{"line":46,"column":7}}]},"1":{"loc":{"start":{"line":53,"column":6},"end":{"line":55,"column":7}},"type":"if","locations":[{"start":{"line":53,"column":6},"end":{"line":55,"column":7}}]},"2":{"loc":{"start":{"line":53,"column":10},"end":{"line":53,"column":42}},"type":"binary-expr","locations":[{"start":{"line":53,"column":10},"end":{"line":53,"column":19}},{"start":{"line":53,"column":23},"end":{"line":53,"column":42}}]},"3":{"loc":{"start":{"line":58,"column":6},"end":{"line":60,"column":7}},"type":"if","locations":[{"start":{"line":58,"column":6},"end":{"line":60,"column":7}}]},"4":{"loc":{"start":{"line":58,"column":10},"end":{"line":58,"column":43}},"type":"binary-expr","locations":[{"start":{"line":58,"column":10},"end":{"line":58,"column":19}},{"start":{"line":58,"column":23},"end":{"line":58,"column":43}}]},"5":{"loc":{"start":{"line":63,"column":6},"end":{"line":65,"column":7}},"type":"if","locations":[{"start":{"line":63,"column":6},"end":{"line":65,"column":7}}]},"6":{"loc":{"start":{"line":88,"column":2},"end":{"line":90,"column":3}},"type":"if","locations":[{"start":{"line":88,"column":2},"end":{"line":90,"column":3}}]},"7":{"loc":{"start":{"line":97,"column":6},"end":{"line":101,"column":7}},"type":"if","locations":[{"start":{"line":97,"column":6},"end":{"line":101,"column":7}}]},"8":{"loc":{"start":{"line":120,"column":4},"end":{"line":122,"column":5}},"type":"if","locations":[{"start":{"line":120,"column":4},"end":{"line":122,"column":5}}]},"9":{"loc":{"start":{"line":240,"column":27},"end":{"line":240,"column":61}},"type":"binary-expr","locations":[{"start":{"line":240,"column":27},"end":{"line":240,"column":40}},{"start":{"line":240,"column":44},"end":{"line":240,"column":61}}]},"10":{"loc":{"start":{"line":241,"column":4},"end":{"line":243,"column":5}},"type":"if","locations":[{"start":{"line":241,"column":4},"end":{"line":243,"column":5}}]}},"s":{"0":0,"1":0,"2":0,"3":0,"4":0,"5":0,"6":0,"7":0,"8":0,"9":0,"10":0,"11":0,"12":0,"13":0,"14":0,"15":0,"16":0,"17":0,"18":0,"19":0,"20":0,"21":0,"22":0,"23":0,"24":0,"25":0,"26":0,"27":0,"28":0,"29":0,"30":0,"31":0,"32":0,"33":0,"34":0,"35":0,"36":0,"37":0,"38":0,"39":0,"40":0,"41":0,"42":0,"43":0,"44":0,"45":0,"46":0,"47":0,"48":0,"49":0,"50":0,"51":0,"52":0,"53":0,"54":0,"55":0,"56":0,"57":0,"58":0,"59":0,"60":0,"61":0,"62":0,"63":0,"64":0,"65":0,"66":0,"67":0,"68":0},"f":{"0":0,"1":0,"2":0,"3":0,"4":0,"5":0,"6":0,"7":0,"8":0,"9":0,"10":0,"11":0,"12":0,"13":0,"14":0},"b":{"0":[0],"1":[0],"2":[0,0],"3":[0],"4":[0,0],"5":[0],"6":[0],"7":[0],"8":[0],"9":[0,0],"10":[0]}}
,"/Users/atsushi23/mobile-tetris/src/dropControl.ts": {"path":"/Users/atsushi23/mobile-tetris/src/dropControl.ts","statementMap":{"0":{"start":{"line":49,"column":0},"end":{"line":49,"column":16}},"1":{"start":{"line":96,"column":0},"end":{"line":96,"column":16}},"2":{"start":{"line":106,"column":0},"end":{"line":106,"column":16}},"3":{"start":{"line":116,"column":0},"end":{"line":116,"column":16}},"4":{"start":{"line":129,"column":0},"end":{"line":129,"column":16}},"5":{"start":{"line":146,"column":0},"end":{"line":146,"column":16}},"6":{"start":{"line":177,"column":0},"end":{"line":177,"column":16}},"7":{"start":{"line":195,"column":0},"end":{"line":195,"column":16}},"8":{"start":{"line":2,"column":0},"end":{"line":2,"column":62}},"9":{"start":{"line":51,"column":23},"end":{"line":80,"column":3}},"10":{"start":{"line":53,"column":4},"end":{"line":53,"column":21}},"11":{"start":{"line":56,"column":4},"end":{"line":79,"column":5}},"12":{"start":{"line":66,"column":6},"end":{"line":66,"column":23}},"13":{"start":{"line":69,"column":6},"end":{"line":69,"column":26}},"14":{"start":{"line":72,"column":6},"end":{"line":72,"column":80}},"15":{"start":{"line":83,"column":21},"end":{"line":87,"column":4}},"16":{"start":{"line":89,"column":2},"end":{"line":89,"column":20}},"17":{"start":{"line":97,"column":2},"end":{"line":99,"column":3}},"18":{"start":{"line":98,"column":4},"end":{"line":98,"column":29}},"19":{"start":{"line":107,"column":2},"end":{"line":109,"column":3}},"20":{"start":{"line":108,"column":4},"end":{"line":108,"column":30}},"21":{"start":{"line":117,"column":2},"end":{"line":119,"column":3}},"22":{"start":{"line":118,"column":4},"end":{"line":118,"column":24}},"23":{"start":{"line":135,"column":2},"end":{"line":135,"column":25}},"24":{"start":{"line":138,"column":2},"end":{"line":138,"column":27}},"25":{"start":{"line":147,"column":21},"end":{"line":147,"column":22}},"26":{"start":{"line":150,"column":2},"end":{"line":160,"column":3}},"27":{"start":{"line":158,"column":4},"end":{"line":158,"column":21}},"28":{"start":{"line":159,"column":4},"end":{"line":159,"column":19}},"29":{"start":{"line":163,"column":2},"end":{"line":163,"column":76}},"30":{"start":{"line":168,"column":2},"end":{"line":168,"column":22}},"31":{"start":{"line":181,"column":2},"end":{"line":184,"column":4}},"32":{"start":{"line":201,"column":15},"end":{"line":201,"column":22}},"33":{"start":{"line":204,"column":2},"end":{"line":206,"column":3}},"34":{"start":{"line":205,"column":4},"end":{"line":205,"column":13}},"35":{"start":{"line":208,"column":2},"end":{"line":208,"column":16}}},"fnMap":{"0":{"name":"startDrop","decl":{"start":{"line":49,"column":16},"end":{"line":49,"column":25}},"loc":{"start":{"line":49,"column":44},"end":{"line":90,"column":1}}},"1":{"name":"(anonymous_1)","decl":{"start":{"line":51,"column":23},"end":{"line":51,"column":26}},"loc":{"start":{"line":51,"column":28},"end":{"line":80,"column":3}}},"2":{"name":"pauseDrop","decl":{"start":{"line":96,"column":16},"end":{"line":96,"column":25}},"loc":{"start":{"line":96,"column":60},"end":{"line":100,"column":1}}},"3":{"name":"resumeDrop","decl":{"start":{"line":106,"column":16},"end":{"line":106,"column":26}},"loc":{"start":{"line":106,"column":61},"end":{"line":110,"column":1}}},"4":{"name":"stopDrop","decl":{"start":{"line":116,"column":16},"end":{"line":116,"column":24}},"loc":{"start":{"line":116,"column":59},"end":{"line":120,"column":1}}},"5":{"name":"changeDropSpeed","decl":{"start":{"line":129,"column":16},"end":{"line":129,"column":31}},"loc":{"start":{"line":132,"column":20},"end":{"line":139,"column":1}}},"6":{"name":"hardDrop","decl":{"start":{"line":146,"column":16},"end":{"line":146,"column":24}},"loc":{"start":{"line":146,"column":43},"end":{"line":169,"column":1}}},"7":{"name":"createSoftDropConfig","decl":{"start":{"line":177,"column":16},"end":{"line":177,"column":36}},"loc":{"start":{"line":179,"column":30},"end":{"line":185,"column":1}}},"8":{"name":"calculateGhostPosition","decl":{"start":{"line":195,"column":16},"end":{"line":195,"column":38}},"loc":{"start":{"line":199,"column":17},"end":{"line":209,"column":1}}}},"branchMap":{"0":{"loc":{"start":{"line":56,"column":4},"end":{"line":79,"column":5}},"type":"if","locations":[{"start":{"line":56,"column":4},"end":{"line":79,"column":5}},{"start":{"line":64,"column":11},"end":{"line":79,"column":5}}]},"1":{"loc":{"start":{"line":97,"column":2},"end":{"line":99,"column":3}},"type":"if","locations":[{"start":{"line":97,"column":2},"end":{"line":99,"column":3}}]},"2":{"loc":{"start":{"line":97,"column":6},"end":{"line":97,"column":45}},"type":"binary-expr","locations":[{"start":{"line":97,"column":6},"end":{"line":97,"column":16}},{"start":{"line":97,"column":20},"end":{"line":97,"column":45}}]},"3":{"loc":{"start":{"line":107,"column":2},"end":{"line":109,"column":3}},"type":"if","locations":[{"start":{"line":107,"column":2},"end":{"line":109,"column":3}}]},"4":{"loc":{"start":{"line":107,"column":6},"end":{"line":107,"column":45}},"type":"binary-expr","locations":[{"start":{"line":107,"column":6},"end":{"line":107,"column":16}},{"start":{"line":107,"column":20},"end":{"line":107,"column":45}}]},"5":{"loc":{"start":{"line":117,"column":2},"end":{"line":119,"column":3}},"type":"if","locations":[{"start":{"line":117,"column":2},"end":{"line":119,"column":3}}]},"6":{"loc":{"start":{"line":117,"column":6},"end":{"line":117,"column":45}},"type":"binary-expr","locations":[{"start":{"line":117,"column":6},"end":{"line":117,"column":16}},{"start":{"line":117,"column":20},"end":{"line":117,"column":45}}]},"7":{"loc":{"start":{"line":179,"column":2},"end":{"line":179,"column":30}},"type":"default-arg","locations":[{"start":{"line":179,"column":28},"end":{"line":179,"column":30}}]}},"s":{"0":0,"1":0,"2":0,"3":0,"4":0,"5":0,"6":0,"7":0,"8":0,"9":0,"10":0,"11":0,"12":0,"13":0,"14":0,"15":0,"16":0,"17":0,"18":0,"19":0,"20":0,"21":0,"22":0,"23":0,"24":0,"25":0,"26":0,"27":0,"28":0,"29":0,"30":0,"31":0,"32":0,"33":0,"34":0,"35":0},"f":{"0":0,"1":0,"2":0,"3":0,"4":0,"5":0,"6":0,"7":0,"8":0},"b":{"0":[0,0],"1":[0],"2":[0,0],"3":[0],"4":[0,0],"5":[0],"6":[0,0],"7":[0]}}
,"/Users/atsushi23/mobile-tetris/src/lockAndClear.ts": {"path":"/Users/atsushi23/mobile-tetris/src/lockAndClear.ts","statementMap":{"0":{"start":{"line":39,"column":0},"end":{"line":39,"column":16}},"1":{"start":{"line":81,"column":0},"end":{"line":81,"column":16}},"2":{"start":{"line":113,"column":0},"end":{"line":113,"column":16}},"3":{"start":{"line":156,"column":0},"end":{"line":156,"column":16}},"4":{"start":{"line":169,"column":0},"end":{"line":169,"column":16}},"5":{"start":{"line":191,"column":0},"end":{"line":191,"column":16}},"6":{"start":{"line":213,"column":0},"end":{"line":213,"column":16}},"7":{"start":{"line":230,"column":0},"end":{"line":230,"column":16}},"8":{"start":{"line":24,"column":19},"end":{"line":24,"column":21}},"9":{"start":{"line":29,"column":20},"end":{"line":29,"column":22}},"10":{"start":{"line":46,"column":2},"end":{"line":66,"column":3}},"11":{"start":{"line":46,"column":20},"end":{"line":46,"column":21}},"12":{"start":{"line":47,"column":4},"end":{"line":65,"column":5}},"13":{"start":{"line":47,"column":22},"end":{"line":47,"column":23}},"14":{"start":{"line":48,"column":24},"end":{"line":48,"column":45}},"15":{"start":{"line":51,"column":6},"end":{"line":64,"column":7}},"16":{"start":{"line":52,"column":22},"end":{"line":52,"column":38}},"17":{"start":{"line":53,"column":22},"end":{"line":53,"column":38}},"18":{"start":{"line":56,"column":8},"end":{"line":63,"column":9}},"19":{"start":{"line":62,"column":10},"end":{"line":62,"column":41}},"20":{"start":{"line":69,"column":23},"end":{"line":69,"column":39}},"21":{"start":{"line":71,"column":2},"end":{"line":73,"column":4}},"22":{"start":{"line":82,"column":21},"end":{"line":82,"column":22}},"23":{"start":{"line":85,"column":2},"end":{"line":103,"column":3}},"24":{"start":{"line":85,"column":17},"end":{"line":85,"column":32}},"25":{"start":{"line":87,"column":26},"end":{"line":87,"column":63}},"26":{"start":{"line":87,"column":52},"end":{"line":87,"column":62}},"27":{"start":{"line":89,"column":4},"end":{"line":102,"column":5}},"28":{"start":{"line":91,"column":6},"end":{"line":91,"column":26}},"29":{"start":{"line":94,"column":23},"end":{"line":94,"column":52}},"30":{"start":{"line":95,"column":6},"end":{"line":95,"column":29}},"31":{"start":{"line":98,"column":6},"end":{"line":98,"column":12}},"32":{"start":{"line":101,"column":6},"end":{"line":101,"column":21}},"33":{"start":{"line":105,"column":2},"end":{"line":105,"column":22}},"34":{"start":{"line":114,"column":34},"end":{"line":114,"column":36}},"35":{"start":{"line":117,"column":2},"end":{"line":121,"column":3}},"36":{"start":{"line":117,"column":17},"end":{"line":117,"column":18}},"37":{"start":{"line":118,"column":4},"end":{"line":120,"column":5}},"38":{"start":{"line":118,"column":34},"end":{"line":118,"column":44}},"39":{"start":{"line":119,"column":6},"end":{"line":119,"column":30}},"40":{"start":{"line":124,"column":2},"end":{"line":126,"column":3}},"41":{"start":{"line":125,"column":4},"end":{"line":125,"column":13}},"42":{"start":{"line":129,"column":36},"end":{"line":129,"column":38}},"43":{"start":{"line":130,"column":2},"end":{"line":134,"column":3}},"44":{"start":{"line":130,"column":17},"end":{"line":130,"column":18}},"45":{"start":{"line":131,"column":4},"end":{"line":133,"column":5}},"46":{"start":{"line":132,"column":6},"end":{"line":132,"column":41}},"47":{"start":{"line":137,"column":2},"end":{"line":137,"column":18}},"48":{"start":{"line":140,"column":2},"end":{"line":142,"column":3}},"49":{"start":{"line":140,"column":15},"end":{"line":140,"column":16}},"50":{"start":{"line":141,"column":4},"end":{"line":141,"column":45}},"51":{"start":{"line":145,"column":2},"end":{"line":145,"column":30}},"52":{"start":{"line":147,"column":2},"end":{"line":147,"column":30}},"53":{"start":{"line":157,"column":2},"end":{"line":159,"column":3}},"54":{"start":{"line":158,"column":4},"end":{"line":158,"column":17}},"55":{"start":{"line":161,"column":2},"end":{"line":161,"column":52}},"56":{"start":{"line":161,"column":40},"end":{"line":161,"column":50}},"57":{"start":{"line":170,"column":2},"end":{"line":181,"column":3}},"58":{"start":{"line":172,"column":6},"end":{"line":172,"column":15}},"59":{"start":{"line":174,"column":6},"end":{"line":174,"column":15}},"60":{"start":{"line":176,"column":6},"end":{"line":176,"column":15}},"61":{"start":{"line":178,"column":6},"end":{"line":178,"column":15}},"62":{"start":{"line":180,"column":6},"end":{"line":180,"column":15}},"63":{"start":{"line":196,"column":16},"end":{"line":196,"column":37}},"64":{"start":{"line":197,"column":14},"end":{"line":197,"column":47}},"65":{"start":{"line":199,"column":2},"end":{"line":203,"column":3}},"66":{"start":{"line":199,"column":17},"end":{"line":199,"column":22}},"67":{"start":{"line":200,"column":4},"end":{"line":202,"column":5}},"68":{"start":{"line":201,"column":6},"end":{"line":201,"column":18}},"69":{"start":{"line":205,"column":2},"end":{"line":205,"column":15}},"70":{"start":{"line":214,"column":34},"end":{"line":214,"column":36}},"71":{"start":{"line":216,"column":2},"end":{"line":220,"column":3}},"72":{"start":{"line":216,"column":17},"end":{"line":216,"column":18}},"73":{"start":{"line":217,"column":4},"end":{"line":219,"column":5}},"74":{"start":{"line":218,"column":6},"end":{"line":218,"column":30}},"75":{"start":{"line":222,"column":2},"end":{"line":222,"column":23}},"76":{"start":{"line":231,"column":2},"end":{"line":235,"column":16}},"77":{"start":{"line":233,"column":6},"end":{"line":233,"column":71}},"78":{"start":{"line":233,"column":25},"end":{"line":233,"column":59}}},"fnMap":{"0":{"name":"lockPiece","decl":{"start":{"line":39,"column":16},"end":{"line":39,"column":25}},"loc":{"start":{"line":43,"column":17},"end":{"line":74,"column":1}}},"1":{"name":"clearLines","decl":{"start":{"line":81,"column":16},"end":{"line":81,"column":26}},"loc":{"start":{"line":81,"column":37},"end":{"line":106,"column":1}}},"2":{"name":"(anonymous_2)","decl":{"start":{"line":87,"column":42},"end":{"line":87,"column":43}},"loc":{"start":{"line":87,"column":52},"end":{"line":87,"column":62}}},"3":{"name":"clearLinesOptimized","decl":{"start":{"line":113,"column":16},"end":{"line":113,"column":35}},"loc":{"start":{"line":113,"column":46},"end":{"line":148,"column":1}}},"4":{"name":"(anonymous_4)","decl":{"start":{"line":118,"column":24},"end":{"line":118,"column":25}},"loc":{"start":{"line":118,"column":34},"end":{"line":118,"column":44}}},"5":{"name":"isRowComplete","decl":{"start":{"line":156,"column":16},"end":{"line":156,"column":29}},"loc":{"start":{"line":156,"column":58},"end":{"line":162,"column":1}}},"6":{"name":"(anonymous_6)","decl":{"start":{"line":161,"column":30},"end":{"line":161,"column":31}},"loc":{"start":{"line":161,"column":40},"end":{"line":161,"column":50}}},"7":{"name":"getLineClearBonus","decl":{"start":{"line":169,"column":16},"end":{"line":169,"column":33}},"loc":{"start":{"line":169,"column":54},"end":{"line":182,"column":1}}},"8":{"name":"hasCompletedRowsInRange","decl":{"start":{"line":191,"column":16},"end":{"line":191,"column":39}},"loc":{"start":{"line":194,"column":16},"end":{"line":206,"column":1}}},"9":{"name":"getCompletedRows","decl":{"start":{"line":213,"column":16},"end":{"line":213,"column":32}},"loc":{"start":{"line":213,"column":43},"end":{"line":223,"column":1}}},"10":{"name":"gridToString","decl":{"start":{"line":230,"column":16},"end":{"line":230,"column":28}},"loc":{"start":{"line":230,"column":39},"end":{"line":236,"column":1}}},"11":{"name":"(anonymous_11)","decl":{"start":{"line":232,"column":9},"end":{"line":232,"column":10}},"loc":{"start":{"line":233,"column":6},"end":{"line":233,"column":71}}},"12":{"name":"(anonymous_12)","decl":{"start":{"line":233,"column":14},"end":{"line":233,"column":15}},"loc":{"start":{"line":233,"column":25},"end":{"line":233,"column":59}}}},"branchMap":{"0":{"loc":{"start":{"line":51,"column":6},"end":{"line":64,"column":7}},"type":"if","locations":[{"start":{"line":51,"column":6},"end":{"line":64,"column":7}}]},"1":{"loc":{"start":{"line":56,"column":8},"end":{"line":63,"column":9}},"type":"if","locations":[{"start":{"line":56,"column":8},"end":{"line":63,"column":9}}]},"2":{"loc":{"start":{"line":57,"column":10},"end":{"line":60,"column":28}},"type":"binary-expr","locations":[{"start":{"line":57,"column":10},"end":{"line":57,"column":20}},{"start":{"line":58,"column":10},"end":{"line":58,"column":29}},{"start":{"line":59,"column":10},"end":{"line":59,"column":20}},{"start":{"line":60,"column":10},"end":{"line":60,"column":28}}]},"3":{"loc":{"start":{"line":89,"column":4},"end":{"line":102,"column":5}},"type":"if","locations":[{"start":{"line":89,"column":4},"end":{"line":102,"column":5}}]},"4":{"loc":{"start":{"line":118,"column":4},"end":{"line":120,"column":5}},"type":"if","locations":[{"start":{"line":118,"column":4},"end":{"line":120,"column":5}}]},"5":{"loc":{"start":{"line":124,"column":2},"end":{"line":126,"column":3}},"type":"if","locations":[{"start":{"line":124,"column":2},"end":{"line":126,"column":3}}]},"6":{"loc":{"start":{"line":131,"column":4},"end":{"line":133,"column":5}},"type":"if","locations":[{"start":{"line":131,"column":4},"end":{"line":133,"column":5}}]},"7":{"loc":{"start":{"line":157,"column":2},"end":{"line":159,"column":3}},"type":"if","locations":[{"start":{"line":157,"column":2},"end":{"line":159,"column":3}}]},"8":{"loc":{"start":{"line":157,"column":6},"end":{"line":157,"column":45}},"type":"binary-expr","locations":[{"start":{"line":157,"column":6},"end":{"line":157,"column":18}},{"start":{"line":157,"column":22},"end":{"line":157,"column":45}}]},"9":{"loc":{"start":{"line":170,"column":2},"end":{"line":181,"column":3}},"type":"switch","locations":[{"start":{"line":171,"column":4},"end":{"line":172,"column":15}},{"start":{"line":173,"column":4},"end":{"line":174,"column":15}},{"start":{"line":175,"column":4},"end":{"line":176,"column":15}},{"start":{"line":177,"column":4},"end":{"line":178,"column":15}},{"start":{"line":179,"column":4},"end":{"line":180,"column":15}}]},"10":{"loc":{"start":{"line":200,"column":4},"end":{"line":202,"column":5}},"type":"if","locations":[{"start":{"line":200,"column":4},"end":{"line":202,"column":5}}]},"11":{"loc":{"start":{"line":217,"column":4},"end":{"line":219,"column":5}},"type":"if","locations":[{"start":{"line":217,"column":4},"end":{"line":219,"column":5}}]},"12":{"loc":{"start":{"line":233,"column":25},"end":{"line":233,"column":59}},"type":"cond-expr","locations":[{"start":{"line":233,"column":38},"end":{"line":233,"column":41}},{"start":{"line":233,"column":44},"end":{"line":233,"column":59}}]}},"s":{"0":0,"1":0,"2":0,"3":0,"4":0,"5":0,"6":0,"7":0,"8":0,"9":0,"10":0,"11":0,"12":0,"13":0,"14":0,"15":0,"16":0,"17":0,"18":0,"19":0,"20":0,"21":0,"22":0,"23":0,"24":0,"25":0,"26":0,"27":0,"28":0,"29":0,"30":0,"31":0,"32":0,"33":0,"34":0,"35":0,"36":0,"37":0,"38":0,"39":0,"40":0,"41":0,"42":0,"43":0,"44":0,"45":0,"46":0,"47":0,"48":0,"49":0,"50":0,"51":0,"52":0,"53":0,"54":0,"55":0,"56":0,"57":0,"58":0,"59":0,"60":0,"61":0,"62":0,"63":0,"64":0,"65":0,"66":0,"67":0,"68":0,"69":0,"70":0,"71":0,"72":0,"73":0,"74":0,"75":0,"76":0,"77":0,"78":0},"f":{"0":0,"1":0,"2":0,"3":0,"4":0,"5":0,"6":0,"7":0,"8":0,"9":0,"10":0,"11":0,"12":0},"b":{"0":[0],"1":[0],"2":[0,0,0,0],"3":[0],"4":[0],"5":[0],"6":[0],"7":[0],"8":[0,0],"9":[0,0,0,0,0],"10":[0],"11":[0],"12":[0,0]}}
,"/Users/atsushi23/mobile-tetris/src/rotation.ts": {"path":"/Users/atsushi23/mobile-tetris/src/rotation.ts","statementMap":{"0":{"start":{"line":21,"column":0},"end":{"line":21,"column":16}},"1":{"start":{"line":58,"column":0},"end":{"line":58,"column":16}},"2":{"start":{"line":240,"column":0},"end":{"line":240,"column":16}},"3":{"start":{"line":309,"column":0},"end":{"line":309,"column":16}},"4":{"start":{"line":321,"column":0},"end":{"line":321,"column":16}},"5":{"start":{"line":343,"column":0},"end":{"line":343,"column":16}},"6":{"start":{"line":1,"column":0},"end":{"line":1,"column":46}},"7":{"start":{"line":25,"column":12},"end":{"line":25,"column":24}},"8":{"start":{"line":26,"column":30},"end":{"line":28,"column":32}},"9":{"start":{"line":28,"column":15},"end":{"line":28,"column":31}},"10":{"start":{"line":30,"column":2},"end":{"line":44,"column":3}},"11":{"start":{"line":32,"column":4},"end":{"line":36,"column":5}},"12":{"start":{"line":32,"column":17},"end":{"line":32,"column":18}},"13":{"start":{"line":33,"column":6},"end":{"line":35,"column":7}},"14":{"start":{"line":33,"column":19},"end":{"line":33,"column":20}},"15":{"start":{"line":34,"column":8},"end":{"line":34,"column":44}},"16":{"start":{"line":39,"column":4},"end":{"line":43,"column":5}},"17":{"start":{"line":39,"column":17},"end":{"line":39,"column":18}},"18":{"start":{"line":40,"column":6},"end":{"line":42,"column":7}},"19":{"start":{"line":40,"column":19},"end":{"line":40,"column":20}},"20":{"start":{"line":41,"column":8},"end":{"line":41,"column":44}},"21":{"start":{"line":46,"column":2},"end":{"line":46,"column":17}},"22":{"start":{"line":66,"column":18},"end":{"line":66,"column":47}},"23":{"start":{"line":69,"column":2},"end":{"line":76,"column":3}},"24":{"start":{"line":70,"column":4},"end":{"line":75,"column":6}},"25":{"start":{"line":79,"column":26},"end":{"line":79,"column":40}},"26":{"start":{"line":82,"column":2},"end":{"line":93,"column":3}},"27":{"start":{"line":83,"column":17},"end":{"line":83,"column":33}},"28":{"start":{"line":85,"column":4},"end":{"line":92,"column":5}},"29":{"start":{"line":86,"column":6},"end":{"line":91,"column":8}},"30":{"start":{"line":96,"column":2},"end":{"line":101,"column":4}},"31":{"start":{"line":108,"column":27},"end":{"line":227,"column":2}},"32":{"start":{"line":256,"column":18},"end":{"line":256,"column":47}},"33":{"start":{"line":260,"column":4},"end":{"line":262,"column":33}},"34":{"start":{"line":265,"column":25},"end":{"line":265,"column":45}},"35":{"start":{"line":266,"column":20},"end":{"line":266,"column":51}},"36":{"start":{"line":267,"column":18},"end":{"line":267,"column":45}},"37":{"start":{"line":268,"column":24},"end":{"line":268,"column":50}},"38":{"start":{"line":271,"column":19},"end":{"line":273,"column":33}},"39":{"start":{"line":274,"column":22},"end":{"line":276,"column":4}},"40":{"start":{"line":279,"column":2},"end":{"line":292,"column":3}},"41":{"start":{"line":280,"column":18},"end":{"line":280,"column":33}},"42":{"start":{"line":281,"column":18},"end":{"line":281,"column":33}},"43":{"start":{"line":283,"column":4},"end":{"line":291,"column":5}},"44":{"start":{"line":284,"column":6},"end":{"line":290,"column":8}},"45":{"start":{"line":295,"column":2},"end":{"line":301,"column":4}},"46":{"start":{"line":311,"column":2},"end":{"line":311,"column":67}},"47":{"start":{"line":326,"column":15},"end":{"line":326,"column":20}},"48":{"start":{"line":328,"column":2},"end":{"line":330,"column":3}},"49":{"start":{"line":328,"column":15},"end":{"line":328,"column":16}},"50":{"start":{"line":329,"column":4},"end":{"line":329,"column":44}},"51":{"start":{"line":332,"column":2},"end":{"line":332,"column":16}},"52":{"start":{"line":350,"column":26},"end":{"line":355,"column":null}},"53":{"start":{"line":357,"column":2},"end":{"line":357,"column":41}},"54":{"start":{"line":357,"column":29},"end":{"line":357,"column":41}},"55":{"start":{"line":360,"column":33},"end":{"line":365,"column":null}},"56":{"start":{"line":367,"column":2},"end":{"line":367,"column":38}}},"fnMap":{"0":{"name":"rotateShape","decl":{"start":{"line":21,"column":16},"end":{"line":21,"column":27}},"loc":{"start":{"line":23,"column":45},"end":{"line":47,"column":1}}},"1":{"name":"(anonymous_1)","decl":{"start":{"line":28,"column":9},"end":{"line":28,"column":12}},"loc":{"start":{"line":28,"column":15},"end":{"line":28,"column":31}}},"2":{"name":"attemptRotation","decl":{"start":{"line":58,"column":16},"end":{"line":58,"column":31}},"loc":{"start":{"line":63,"column":45},"end":{"line":102,"column":1}}},"3":{"name":"attemptRotationSRS","decl":{"start":{"line":240,"column":16},"end":{"line":240,"column":34}},"loc":{"start":{"line":247,"column":27},"end":{"line":302,"column":1}}},"4":{"name":"rotate180","decl":{"start":{"line":309,"column":16},"end":{"line":309,"column":25}},"loc":{"start":{"line":309,"column":43},"end":{"line":312,"column":1}}},"5":{"name":"getRotationPreview","decl":{"start":{"line":321,"column":16},"end":{"line":321,"column":34}},"loc":{"start":{"line":324,"column":19},"end":{"line":333,"column":1}}},"6":{"name":"canRotateAtAll","decl":{"start":{"line":343,"column":16},"end":{"line":343,"column":30}},"loc":{"start":{"line":347,"column":17},"end":{"line":368,"column":1}}}},"branchMap":{"0":{"loc":{"start":{"line":30,"column":2},"end":{"line":44,"column":3}},"type":"if","locations":[{"start":{"line":30,"column":2},"end":{"line":44,"column":3}},{"start":{"line":37,"column":9},"end":{"line":44,"column":3}}]},"1":{"loc":{"start":{"line":69,"column":2},"end":{"line":76,"column":3}},"type":"if","locations":[{"start":{"line":69,"column":2},"end":{"line":76,"column":3}}]},"2":{"loc":{"start":{"line":85,"column":4},"end":{"line":92,"column":5}},"type":"if","locations":[{"start":{"line":85,"column":4},"end":{"line":92,"column":5}}]},"3":{"loc":{"start":{"line":247,"column":2},"end":{"line":247,"column":27}},"type":"default-arg","locations":[{"start":{"line":247,"column":22},"end":{"line":247,"column":27}}]},"4":{"loc":{"start":{"line":260,"column":4},"end":{"line":262,"column":33}},"type":"cond-expr","locations":[{"start":{"line":261,"column":8},"end":{"line":261,"column":33}},{"start":{"line":262,"column":8},"end":{"line":262,"column":33}}]},"5":{"loc":{"start":{"line":271,"column":19},"end":{"line":273,"column":33}},"type":"cond-expr","locations":[{"start":{"line":272,"column":6},"end":{"line":272,"column":26}},{"start":{"line":273,"column":6},"end":{"line":273,"column":33}}]},"6":{"loc":{"start":{"line":274,"column":22},"end":{"line":276,"column":4}},"type":"binary-expr","locations":[{"start":{"line":274,"column":22},"end":{"line":274,"column":70}},{"start":{"line":274,"column":74},"end":{"line":276,"column":4}}]},"7":{"loc":{"start":{"line":283,"column":4},"end":{"line":291,"column":5}},"type":"if","locations":[{"start":{"line":283,"column":4},"end":{"line":291,"column":5}}]},"8":{"loc":{"start":{"line":324,"column":2},"end":{"line":324,"column":19}},"type":"default-arg","locations":[{"start":{"line":324,"column":18},"end":{"line":324,"column":19}}]},"9":{"loc":{"start":{"line":357,"column":2},"end":{"line":357,"column":41}},"type":"if","locations":[{"start":{"line":357,"column":2},"end":{"line":357,"column":41}}]}},"s":{"0":0,"1":0,"2":0,"3":0,"4":0,"5":0,"6":0,"7":0,"8":0,"9":0,"10":0,"11":0,"12":0,"13":0,"14":0,"15":0,"16":0,"17":0,"18":0,"19":0,"20":0,"21":0,"22":0,"23":0,"24":0,"25":0,"26":0,"27":0,"28":0,"29":0,"30":0,"31":0,"32":0,"33":0,"34":0,"35":0,"36":0,"37":0,"38":0,"39":0,"40":0,"41":0,"42":0,"43":0,"44":0,"45":0,"46":0,"47":0,"48":0,"49":0,"50":0,"51":0,"52":0,"53":0,"54":0,"55":0,"56":0},"f":{"0":0,"1":0,"2":0,"3":0,"4":0,"5":0,"6":0},"b":{"0":[0,0],"1":[0],"2":[0],"3":[0],"4":[0,0],"5":[0,0],"6":[0,0],"7":[0],"8":[0],"9":[0]}}
,"/Users/atsushi23/mobile-tetris/src/tetromino.ts": {"path":"/Users/atsushi23/mobile-tetris/src/tetromino.ts","statementMap":{"0":{"start":{"line":103,"column":0},"end":{"line":103,"column":16}},"1":{"start":{"line":116,"column":0},"end":{"line":116,"column":16}},"2":{"start":{"line":132,"column":0},"end":{"line":132,"column":16}},"3":{"start":{"line":153,"column":0},"end":{"line":153,"column":16}},"4":{"start":{"line":196,"column":0},"end":{"line":196,"column":16}},"5":{"start":{"line":10,"column":28},"end":{"line":15,"column":2}},"6":{"start":{"line":20,"column":28},"end":{"line":23,"column":2}},"7":{"start":{"line":28,"column":28},"end":{"line":32,"column":2}},"8":{"start":{"line":37,"column":28},"end":{"line":41,"column":2}},"9":{"start":{"line":46,"column":28},"end":{"line":50,"column":2}},"10":{"start":{"line":55,"column":28},"end":{"line":59,"column":2}},"11":{"start":{"line":64,"column":28},"end":{"line":68,"column":2}},"12":{"start":{"line":74,"column":33},"end":{"line":82,"column":2}},"13":{"start":{"line":88,"column":13},"end":{"line":97,"column":2}},"14":{"start":{"line":105,"column":22},"end":{"line":105,"column":67}},"15":{"start":{"line":108,"column":2},"end":{"line":108,"column":56}},"16":{"start":{"line":108,"column":46},"end":{"line":108,"column":54}},"17":{"start":{"line":117,"column":2},"end":{"line":121,"column":3}},"18":{"start":{"line":118,"column":4},"end":{"line":120,"column":6}},"19":{"start":{"line":124,"column":2},"end":{"line":124,"column":50}},"20":{"start":{"line":124,"column":40},"end":{"line":124,"column":48}},"21":{"start":{"line":133,"column":12},"end":{"line":133,"column":24}},"22":{"start":{"line":134,"column":30},"end":{"line":136,"column":32}},"23":{"start":{"line":136,"column":15},"end":{"line":136,"column":31}},"24":{"start":{"line":139,"column":2},"end":{"line":143,"column":3}},"25":{"start":{"line":139,"column":15},"end":{"line":139,"column":16}},"26":{"start":{"line":140,"column":4},"end":{"line":142,"column":5}},"27":{"start":{"line":140,"column":17},"end":{"line":140,"column":18}},"28":{"start":{"line":141,"column":6},"end":{"line":141,"column":42}},"29":{"start":{"line":145,"column":2},"end":{"line":145,"column":17}},"30":{"start":{"line":159,"column":15},"end":{"line":159,"column":27}},"31":{"start":{"line":160,"column":15},"end":{"line":160,"column":17}},"32":{"start":{"line":161,"column":15},"end":{"line":161,"column":36}},"33":{"start":{"line":162,"column":15},"end":{"line":162,"column":17}},"34":{"start":{"line":164,"column":2},"end":{"line":173,"column":3}},"35":{"start":{"line":164,"column":17},"end":{"line":164,"column":18}},"36":{"start":{"line":165,"column":4},"end":{"line":172,"column":5}},"37":{"start":{"line":165,"column":19},"end":{"line":165,"column":20}},"38":{"start":{"line":166,"column":6},"end":{"line":171,"column":7}},"39":{"start":{"line":167,"column":8},"end":{"line":167,"column":39}},"40":{"start":{"line":168,"column":8},"end":{"line":168,"column":39}},"41":{"start":{"line":169,"column":8},"end":{"line":169,"column":39}},"42":{"start":{"line":170,"column":8},"end":{"line":170,"column":39}},"43":{"start":{"line":175,"column":2},"end":{"line":175,"column":44}},"44":{"start":{"line":181,"column":0},"end":{"line":181,"column":null}},"45":{"start":{"line":182,"column":2},"end":{"line":182,"column":null}},"46":{"start":{"line":183,"column":2},"end":{"line":183,"column":null}},"47":{"start":{"line":184,"column":2},"end":{"line":184,"column":null}},"48":{"start":{"line":185,"column":2},"end":{"line":185,"column":null}},"49":{"start":{"line":186,"column":2},"end":{"line":186,"column":null}},"50":{"start":{"line":187,"column":2},"end":{"line":187,"column":null}},"51":{"start":{"line":188,"column":2},"end":{"line":188,"column":null}},"52":{"start":{"line":197,"column":16},"end":{"line":197,"column":51}},"53":{"start":{"line":198,"column":2},"end":{"line":198,"column":34}}},"fnMap":{"0":{"name":"generateTetromino","decl":{"start":{"line":103,"column":16},"end":{"line":103,"column":33}},"loc":{"start":{"line":103,"column":33},"end":{"line":109,"column":1}}},"1":{"name":"(anonymous_1)","decl":{"start":{"line":108,"column":37},"end":{"line":108,"column":38}},"loc":{"start":{"line":108,"column":46},"end":{"line":108,"column":54}}},"2":{"name":"getTetrominoByIndex","decl":{"start":{"line":116,"column":16},"end":{"line":116,"column":35}},"loc":{"start":{"line":116,"column":49},"end":{"line":125,"column":1}}},"3":{"name":"(anonymous_3)","decl":{"start":{"line":124,"column":31},"end":{"line":124,"column":32}},"loc":{"start":{"line":124,"column":40},"end":{"line":124,"column":48}}},"4":{"name":"rotateTetromino","decl":{"start":{"line":132,"column":16},"end":{"line":132,"column":31}},"loc":{"start":{"line":132,"column":49},"end":{"line":146,"column":1}}},"5":{"name":"(anonymous_5)","decl":{"start":{"line":136,"column":9},"end":{"line":136,"column":12}},"loc":{"start":{"line":136,"column":15},"end":{"line":136,"column":31}}},"6":{"name":"getTetrominoBounds","decl":{"start":{"line":153,"column":16},"end":{"line":153,"column":34}},"loc":{"start":{"line":153,"column":52},"end":{"line":176,"column":1}}},"7":{"name":"(anonymous_7)","decl":{"start":{"line":181,"column":0},"end":{"line":181,"column":12}},"loc":{"start":{"line":181,"column":25},"end":{"line":189,"column":1}}},"8":{"name":"getTetrominoName","decl":{"start":{"line":196,"column":16},"end":{"line":196,"column":32}},"loc":{"start":{"line":196,"column":52},"end":{"line":199,"column":1}}}},"branchMap":{"0":{"loc":{"start":{"line":117,"column":2},"end":{"line":121,"column":3}},"type":"if","locations":[{"start":{"line":117,"column":2},"end":{"line":121,"column":3}}]},"1":{"loc":{"start":{"line":117,"column":6},"end":{"line":117,"column":45}},"type":"binary-expr","locations":[{"start":{"line":117,"column":6},"end":{"line":117,"column":15}},{"start":{"line":117,"column":19},"end":{"line":117,"column":45}}]},"2":{"loc":{"start":{"line":161,"column":15},"end":{"line":161,"column":36}},"type":"binary-expr","locations":[{"start":{"line":161,"column":15},"end":{"line":161,"column":31}},{"start":{"line":161,"column":35},"end":{"line":161,"column":36}}]},"3":{"loc":{"start":{"line":166,"column":6},"end":{"line":171,"column":7}},"type":"if","locations":[{"start":{"line":166,"column":6},"end":{"line":171,"column":7}}]},"4":{"loc":{"start":{"line":181,"column":12},"end":{"line":181,"column":null}},"type":"binary-expr","locations":[{"start":{"line":181,"column":12},"end":{"line":181,"column":25}},{"start":{"line":181,"column":25},"end":{"line":181,"column":null}}]},"5":{"loc":{"start":{"line":198,"column":9},"end":{"line":198,"column":33}},"type":"binary-expr","locations":[{"start":{"line":198,"column":9},"end":{"line":198,"column":20}},{"start":{"line":198,"column":24},"end":{"line":198,"column":33}}]}},"s":{"0":1,"1":1,"2":1,"3":1,"4":1,"5":1,"6":1,"7":1,"8":1,"9":1,"10":1,"11":1,"12":1,"13":1,"14":104,"15":104,"16":312,"17":23,"18":3,"19":20,"20":62,"21":7,"22":7,"23":21,"24":7,"25":7,"26":21,"27":21,"28":65,"29":7,"30":4,"31":4,"32":4,"33":4,"34":4,"35":4,"36":14,"37":14,"38":50,"39":12,"40":12,"41":12,"42":12,"43":4,"44":1,"45":1,"46":1,"47":1,"48":1,"49":1,"50":1,"51":1,"52":10,"53":10},"f":{"0":104,"1":312,"2":23,"3":62,"4":7,"5":21,"6":4,"7":1,"8":10},"b":{"0":[3],"1":[23,22],"2":[4,0],"3":[12],"4":[1,1],"5":[10,3]}}
}
