TN:
SF:src/GameScene.ts
FN:18,(anonymous_9)
FN:25,(anonymous_10)
FN:32,(anonymous_11)
FN:47,(anonymous_12)
FN:73,(anonymous_13)
FN:115,(anonymous_14)
FN:132,(anonymous_15)
FN:147,(anonymous_16)
FN:160,(anonymous_17)
FN:166,(anonymous_18)
FN:174,(anonymous_19)
FNF:11
FNH:0
FNDA:0,(anonymous_9)
FNDA:0,(anonymous_10)
FNDA:0,(anonymous_11)
FNDA:0,(anonymous_12)
FNDA:0,(anonymous_13)
FNDA:0,(anonymous_14)
FNDA:0,(anonymous_15)
FNDA:0,(anonymous_16)
FNDA:0,(anonymous_17)
FNDA:0,(anonymous_18)
FNDA:0,(anonymous_19)
DA:1,0
DA:7,0
DA:12,0
DA:13,0
DA:16,0
DA:19,0
DA:34,0
DA:37,0
DA:40,0
DA:49,0
DA:51,0
DA:53,0
DA:55,0
DA:57,0
DA:61,0
DA:74,0
DA:77,0
DA:80,0
DA:81,0
DA:84,0
DA:85,0
DA:86,0
DA:87,0
DA:91,0
DA:92,0
DA:93,0
DA:94,0
DA:97,0
DA:100,0
DA:101,0
DA:116,0
DA:122,0
DA:133,0
DA:139,0
DA:141,0
DA:148,0
DA:149,0
DA:150,0
DA:161,0
DA:162,0
DA:166,0
LF:41
LH:0
BRDA:116,0,0,0
BRDA:117,1,0,0
BRDA:117,1,1,0
BRDA:117,1,2,0
BRDA:117,1,3,0
BRDA:133,2,0,0
BRDA:134,3,0,0
BRDA:134,3,1,0
BRDA:134,3,2,0
BRDA:134,3,3,0
BRDA:161,4,0,0
BRDA:161,5,0,0
BRDA:161,5,1,0
BRF:13
BRH:0
end_of_record
TN:
SF:src/collision.ts
FN:31,isPositionValid
FN:81,placeTetromino
FN:113,findCompletedRows
FN:118,(anonymous_3)
FN:134,removeRows
FN:136,(anonymous_5)
FN:159,canMoveDown
FN:176,canMoveLeft
FN:193,canMoveRight
FN:210,canRotate
FN:224,isGridEmpty
FN:225,(anonymous_11)
FN:225,(anonymous_12)
FN:235,isRangeEmpty
FN:241,(anonymous_14)
FNF:15
FNH:0
FNDA:0,isPositionValid
FNDA:0,placeTetromino
FNDA:0,findCompletedRows
FNDA:0,(anonymous_3)
FNDA:0,removeRows
FNDA:0,(anonymous_5)
FNDA:0,canMoveDown
FNDA:0,canMoveLeft
FNDA:0,canMoveRight
FNDA:0,canRotate
FNDA:0,isGridEmpty
FNDA:0,(anonymous_11)
FNDA:0,(anonymous_12)
FNDA:0,isRangeEmpty
FNDA:0,(anonymous_14)
DA:16,0
DA:21,0
DA:31,0
DA:38,0
DA:39,0
DA:41,0
DA:44,0
DA:45,0
DA:49,0
DA:50,0
DA:53,0
DA:54,0
DA:58,0
DA:59,0
DA:63,0
DA:64,0
DA:70,0
DA:81,0
DA:88,0
DA:89,0
DA:93,0
DA:94,0
DA:95,0
DA:97,0
DA:98,0
DA:99,0
DA:100,0
DA:105,0
DA:113,0
DA:114,0
DA:116,0
DA:118,0
DA:120,0
DA:121,0
DA:125,0
DA:134,0
DA:136,0
DA:138,0
DA:140,0
DA:141,0
DA:145,0
DA:148,0
DA:159,0
DA:165,0
DA:176,0
DA:182,0
DA:193,0
DA:199,0
DA:210,0
DA:216,0
DA:224,0
DA:225,0
DA:235,0
DA:240,0
DA:241,0
DA:242,0
DA:245,0
LF:57
LH:0
BRDA:44,0,0,0
BRDA:53,1,0,0
BRDA:53,2,0,0
BRDA:53,2,1,0
BRDA:58,3,0,0
BRDA:58,4,0,0
BRDA:58,4,1,0
BRDA:63,5,0,0
BRDA:88,6,0,0
BRDA:97,7,0,0
BRDA:120,8,0,0
BRDA:240,9,0,0
BRDA:240,9,1,0
BRDA:241,10,0,0
BRF:14
BRH:0
end_of_record
TN:
SF:src/dropControl.ts
FN:49,startDrop
FN:51,(anonymous_1)
FN:96,pauseDrop
FN:106,resumeDrop
FN:116,stopDrop
FN:129,changeDropSpeed
FN:146,hardDrop
FN:177,createSoftDropConfig
FN:195,calculateGhostPosition
FNF:9
FNH:0
FNDA:0,startDrop
FNDA:0,(anonymous_1)
FNDA:0,pauseDrop
FNDA:0,resumeDrop
FNDA:0,stopDrop
FNDA:0,changeDropSpeed
FNDA:0,hardDrop
FNDA:0,createSoftDropConfig
FNDA:0,calculateGhostPosition
DA:2,0
DA:49,0
DA:51,0
DA:53,0
DA:56,0
DA:66,0
DA:69,0
DA:72,0
DA:83,0
DA:89,0
DA:96,0
DA:97,0
DA:98,0
DA:106,0
DA:107,0
DA:108,0
DA:116,0
DA:117,0
DA:118,0
DA:129,0
DA:135,0
DA:138,0
DA:146,0
DA:147,0
DA:150,0
DA:158,0
DA:159,0
DA:163,0
DA:168,0
DA:177,0
DA:181,0
DA:195,0
DA:201,0
DA:204,0
DA:205,0
DA:208,0
LF:36
LH:0
BRDA:56,0,0,0
BRDA:56,0,1,0
BRDA:97,1,0,0
BRDA:97,2,0,0
BRDA:97,2,1,0
BRDA:107,3,0,0
BRDA:107,4,0,0
BRDA:107,4,1,0
BRDA:117,5,0,0
BRDA:117,6,0,0
BRDA:117,6,1,0
BRDA:179,7,0,0
BRF:12
BRH:0
end_of_record
TN:
SF:src/lockAndClear.ts
FN:39,lockPiece
FN:81,clearLines
FN:87,(anonymous_2)
FN:113,clearLinesOptimized
FN:118,(anonymous_4)
FN:156,isRowComplete
FN:161,(anonymous_6)
FN:169,getLineClearBonus
FN:191,hasCompletedRowsInRange
FN:213,getCompletedRows
FN:230,gridToString
FN:232,(anonymous_11)
FN:233,(anonymous_12)
FNF:13
FNH:0
FNDA:0,lockPiece
FNDA:0,clearLines
FNDA:0,(anonymous_2)
FNDA:0,clearLinesOptimized
FNDA:0,(anonymous_4)
FNDA:0,isRowComplete
FNDA:0,(anonymous_6)
FNDA:0,getLineClearBonus
FNDA:0,hasCompletedRowsInRange
FNDA:0,getCompletedRows
FNDA:0,gridToString
FNDA:0,(anonymous_11)
FNDA:0,(anonymous_12)
DA:24,0
DA:29,0
DA:39,0
DA:46,0
DA:47,0
DA:48,0
DA:51,0
DA:52,0
DA:53,0
DA:56,0
DA:62,0
DA:69,0
DA:71,0
DA:81,0
DA:82,0
DA:85,0
DA:87,0
DA:89,0
DA:91,0
DA:94,0
DA:95,0
DA:98,0
DA:101,0
DA:105,0
DA:113,0
DA:114,0
DA:117,0
DA:118,0
DA:119,0
DA:124,0
DA:125,0
DA:129,0
DA:130,0
DA:131,0
DA:132,0
DA:137,0
DA:140,0
DA:141,0
DA:145,0
DA:147,0
DA:156,0
DA:157,0
DA:158,0
DA:161,0
DA:169,0
DA:170,0
DA:172,0
DA:174,0
DA:176,0
DA:178,0
DA:180,0
DA:191,0
DA:196,0
DA:197,0
DA:199,0
DA:200,0
DA:201,0
DA:205,0
DA:213,0
DA:214,0
DA:216,0
DA:217,0
DA:218,0
DA:222,0
DA:230,0
DA:231,0
DA:233,0
LF:67
LH:0
BRDA:51,0,0,0
BRDA:56,1,0,0
BRDA:57,2,0,0
BRDA:57,2,1,0
BRDA:57,2,2,0
BRDA:57,2,3,0
BRDA:89,3,0,0
BRDA:118,4,0,0
BRDA:124,5,0,0
BRDA:131,6,0,0
BRDA:157,7,0,0
BRDA:157,8,0,0
BRDA:157,8,1,0
BRDA:170,9,0,0
BRDA:170,9,1,0
BRDA:170,9,2,0
BRDA:170,9,3,0
BRDA:170,9,4,0
BRDA:200,10,0,0
BRDA:217,11,0,0
BRDA:233,12,0,0
BRDA:233,12,1,0
BRF:22
BRH:0
end_of_record
TN:
SF:src/rotation.ts
FN:21,rotateShape
FN:28,(anonymous_1)
FN:58,attemptRotation
FN:240,attemptRotationSRS
FN:309,rotate180
FN:321,getRotationPreview
FN:343,canRotateAtAll
FNF:7
FNH:0
FNDA:0,rotateShape
FNDA:0,(anonymous_1)
FNDA:0,attemptRotation
FNDA:0,attemptRotationSRS
FNDA:0,rotate180
FNDA:0,getRotationPreview
FNDA:0,canRotateAtAll
DA:1,0
DA:21,0
DA:25,0
DA:26,0
DA:28,0
DA:30,0
DA:32,0
DA:33,0
DA:34,0
DA:39,0
DA:40,0
DA:41,0
DA:46,0
DA:58,0
DA:66,0
DA:69,0
DA:70,0
DA:79,0
DA:82,0
DA:83,0
DA:85,0
DA:86,0
DA:96,0
DA:108,0
DA:240,0
DA:256,0
DA:260,0
DA:265,0
DA:266,0
DA:267,0
DA:268,0
DA:271,0
DA:274,0
DA:279,0
DA:280,0
DA:281,0
DA:283,0
DA:284,0
DA:295,0
DA:309,0
DA:311,0
DA:321,0
DA:326,0
DA:328,0
DA:329,0
DA:332,0
DA:343,0
DA:350,0
DA:357,0
DA:360,0
DA:367,0
LF:51
LH:0
BRDA:30,0,0,0
BRDA:30,0,1,0
BRDA:69,1,0,0
BRDA:85,2,0,0
BRDA:247,3,0,0
BRDA:260,4,0,0
BRDA:260,4,1,0
BRDA:271,5,0,0
BRDA:271,5,1,0
BRDA:274,6,0,0
BRDA:274,6,1,0
BRDA:283,7,0,0
BRDA:324,8,0,0
BRDA:357,9,0,0
BRF:14
BRH:0
end_of_record
TN:
SF:src/tetromino.ts
FN:103,generateTetromino
FN:108,(anonymous_1)
FN:116,getTetrominoByIndex
FN:124,(anonymous_3)
FN:132,rotateTetromino
FN:136,(anonymous_5)
FN:153,getTetrominoBounds
FN:181,(anonymous_7)
FN:196,getTetrominoName
FNF:9
FNH:9
FNDA:104,generateTetromino
FNDA:312,(anonymous_1)
FNDA:23,getTetrominoByIndex
FNDA:62,(anonymous_3)
FNDA:7,rotateTetromino
FNDA:21,(anonymous_5)
FNDA:4,getTetrominoBounds
FNDA:1,(anonymous_7)
FNDA:10,getTetrominoName
DA:10,1
DA:20,1
DA:28,1
DA:37,1
DA:46,1
DA:55,1
DA:64,1
DA:74,1
DA:88,1
DA:103,1
DA:105,104
DA:108,312
DA:116,1
DA:117,23
DA:118,3
DA:124,62
DA:132,1
DA:133,7
DA:134,7
DA:136,21
DA:139,7
DA:140,21
DA:141,65
DA:145,7
DA:153,1
DA:159,4
DA:160,4
DA:161,4
DA:162,4
DA:164,4
DA:165,14
DA:166,50
DA:167,12
DA:168,12
DA:169,12
DA:170,12
DA:175,4
DA:181,1
DA:182,1
DA:183,1
DA:184,1
DA:185,1
DA:186,1
DA:187,1
DA:188,1
DA:196,1
DA:197,10
DA:198,10
LF:48
LH:48
BRDA:117,0,0,3
BRDA:117,1,0,23
BRDA:117,1,1,22
BRDA:161,2,0,4
BRDA:161,2,1,0
BRDA:166,3,0,12
BRDA:181,4,0,1
BRDA:181,4,1,1
BRDA:198,5,0,10
BRDA:198,5,1,3
BRF:10
BRH:9
end_of_record
